[    0.000000] Linux version 4.15.0-163-generic (buildd@lcy01-amd64-021) (gcc version 7.5.0 (Ubuntu 7.5.0-3ubuntu1~18.04)) #171-Ubuntu SMP Fri Nov 5 11:55:11 UTC 2021 (Ubuntu 4.15.0-163.171-generic 4.15.18)
[    0.000000] Command line: BOOT_IMAGE=/boot/vmlinuz-4.15.0-163-generic root=LABEL=cloudimg-rootfs ro console=tty1 console=ttyS0
[    0.000000] KERNEL supported cpus:
[    0.000000]   Intel GenuineIntel
[    0.000000]   AMD AuthenticAMD
[    0.000000]   Centaur CentaurHauls
[    0.000000] x86/fpu: Supporting XSAVE feature 0x001: 'x87 floating point registers'
[    0.000000] x86/fpu: Supporting XSAVE feature 0x002: 'SSE registers'
[    0.000000] x86/fpu: Supporting XSAVE feature 0x004: 'AVX registers'
[    0.000000] x86/fpu: xstate_offset[2]:  576, xstate_sizes[2]:  256
[    0.000000] x86/fpu: Enabled xstate features 0x7, context size is 832 bytes, using 'standard' format.
[    0.000000] e820: BIOS-provided physical RAM map:
[    0.000000] BIOS-e820: [mem 0x0000000000000000-0x000000000009fbff] usable
[    0.000000] BIOS-e820: [mem 0x000000000009fc00-0x000000000009ffff] reserved
[    0.000000] BIOS-e820: [mem 0x00000000000f0000-0x00000000000fffff] reserved
[    0.000000] BIOS-e820: [mem 0x0000000000100000-0x000000007ffeffff] usable
[    0.000000] BIOS-e820: [mem 0x000000007fff0000-0x000000007fffffff] ACPI data
[    0.000000] BIOS-e820: [mem 0x00000000fec00000-0x00000000fec00fff] reserved
[    0.000000] BIOS-e820: [mem 0x00000000fee00000-0x00000000fee00fff] reserved
[    0.000000] BIOS-e820: [mem 0x00000000fffc0000-0x00000000ffffffff] reserved
[    0.000000] NX (Execute Disable) protection: active
[    0.000000] SMBIOS 2.5 present.
[    0.000000] DMI: innotek GmbH VirtualBox/VirtualBox, BIOS VirtualBox 12/01/2006
[    0.000000] Hypervisor detected: KVM
[    0.000000] e820: last_pfn = 0x7fff0 max_arch_pfn = 0x400000000
[    0.000000] MTRR: Disabled
[    0.000000] x86/PAT: MTRRs disabled, skipping PAT initialization too.
[    0.000000] CPU MTRRs all blank - virtualized system.
[    0.000000] x86/PAT: Configuration [0-7]: WB  WT  UC- UC  WB  WT  UC- UC  
[    0.000000] found SMP MP-table at [mem 0x0009fff0-0x0009ffff]
[    0.000000] Scanning 1 areas for low memory corruption
[    0.000000] RAMDISK: [mem 0x359c7000-0x36cdafff]
[    0.000000] ACPI: Early table checksum verification disabled
[    0.000000] ACPI: RSDP 0x00000000000E0000 000024 (v02 VBOX  )
[    0.000000] ACPI: XSDT 0x000000007FFF0030 00003C (v01 VBOX   VBOXXSDT 00000001 ASL  00000061)
[    0.000000] ACPI: FACP 0x000000007FFF00F0 0000F4 (v04 VBOX   VBOXFACP 00000001 ASL  00000061)
[    0.000000] ACPI: DSDT 0x000000007FFF0470 002325 (v02 VBOX   VBOXBIOS 00000002 INTL 20190509)
[    0.000000] ACPI: FACS 0x000000007FFF0200 000040
[    0.000000] ACPI: FACS 0x000000007FFF0200 000040
[    0.000000] ACPI: APIC 0x000000007FFF0240 00005C (v02 VBOX   VBOXAPIC 00000001 ASL  00000061)
[    0.000000] ACPI: SSDT 0x000000007FFF02A0 0001CC (v01 VBOX   VBOXCPUT 00000002 INTL 20190509)
[    0.000000] ACPI: Reserving FACP table memory at [mem 0x7fff00f0-0x7fff01e3]
[    0.000000] ACPI: Reserving DSDT table memory at [mem 0x7fff0470-0x7fff2794]
[    0.000000] ACPI: Reserving FACS table memory at [mem 0x7fff0200-0x7fff023f]
[    0.000000] ACPI: Reserving FACS table memory at [mem 0x7fff0200-0x7fff023f]
[    0.000000] ACPI: Reserving APIC table memory at [mem 0x7fff0240-0x7fff029b]
[    0.000000] ACPI: Reserving SSDT table memory at [mem 0x7fff02a0-0x7fff046b]
[    0.000000] No NUMA configuration found
[    0.000000] Faking a node at [mem 0x0000000000000000-0x000000007ffeffff]
[    0.000000] NODE_DATA(0) allocated [mem 0x7ffc5000-0x7ffeffff]
[    0.000000] kvm-clock: cpu 0, msr 0:7ff44001, primary cpu clock
[    0.000000] kvm-clock: Using msrs 4b564d01 and 4b564d00
[    0.000000] kvm-clock: using sched offset of 3231754229 cycles
[    0.000000] clocksource: kvm-clock: mask: 0xffffffffffffffff max_cycles: 0x1cd42e4dffb, max_idle_ns: 881590591483 ns
[    0.000000] Zone ranges:
[    0.000000]   DMA      [mem 0x0000000000001000-0x0000000000ffffff]
[    0.000000]   DMA32    [mem 0x0000000001000000-0x000000007ffeffff]
[    0.000000]   Normal   empty
[    0.000000]   Device   empty
[    0.000000] Movable zone start for each node
[    0.000000] Early memory node ranges
[    0.000000]   node   0: [mem 0x0000000000001000-0x000000000009efff]
[    0.000000]   node   0: [mem 0x0000000000100000-0x000000007ffeffff]
[    0.000000] Reserved but unavailable: 104 pages
[    0.000000] Initmem setup node 0 [mem 0x0000000000001000-0x000000007ffeffff]
[    0.000000] ACPI: PM-Timer IO Port: 0x4008
[    0.000000] IOAPIC[0]: apic_id 2, version 32, address 0xfec00000, GSI 0-23
[    0.000000] ACPI: INT_SRC_OVR (bus 0 bus_irq 0 global_irq 2 dfl dfl)
[    0.000000] ACPI: INT_SRC_OVR (bus 0 bus_irq 9 global_irq 9 low level)
[    0.000000] Using ACPI (MADT) for SMP configuration information
[    0.000000] smpboot: Allowing 2 CPUs, 0 hotplug CPUs
[    0.000000] PM: Registered nosave memory: [mem 0x00000000-0x00000fff]
[    0.000000] PM: Registered nosave memory: [mem 0x0009f000-0x0009ffff]
[    0.000000] PM: Registered nosave memory: [mem 0x000a0000-0x000effff]
[    0.000000] PM: Registered nosave memory: [mem 0x000f0000-0x000fffff]
[    0.000000] e820: [mem 0x80000000-0xfebfffff] available for PCI devices
[    0.000000] Booting paravirtualized kernel on KVM
[    0.000000] clocksource: refined-jiffies: mask: 0xffffffff max_cycles: 0xffffffff, max_idle_ns: 7645519600211568 ns
[    0.000000] random: get_random_bytes called from start_kernel+0x99/0x500 with crng_init=0
[    0.000000] setup_percpu: NR_CPUS:8192 nr_cpumask_bits:2 nr_cpu_ids:2 nr_node_ids:1
[    0.000000] percpu: Embedded 45 pages/cpu s147456 r8192 d28672 u1048576
[    0.000000] PV qspinlock hash table entries: 256 (order: 0, 4096 bytes)
[    0.000000] Built 1 zonelists, mobility grouping on.  Total pages: 515961
[    0.000000] Policy zone: DMA32
[    0.000000] Kernel command line: BOOT_IMAGE=/boot/vmlinuz-4.15.0-163-generic root=LABEL=cloudimg-rootfs ro console=tty1 console=ttyS0
[    0.000000] Memory: 2014892K/2096696K available (12300K kernel code, 2483K rwdata, 4320K rodata, 2448K init, 2724K bss, 81804K reserved, 0K cma-reserved)
[    0.000000] SLUB: HWalign=64, Order=0-3, MinObjects=0, CPUs=2, Nodes=1
[    0.000000] Kernel/User page tables isolation: enabled
[    0.000000] ftrace: allocating 39476 entries in 155 pages
[    0.004000] Hierarchical RCU implementation.
[    0.004000] 	RCU restricting CPUs from NR_CPUS=8192 to nr_cpu_ids=2.
[    0.004000] 	Tasks RCU enabled.
[    0.004000] RCU: Adjusting geometry for rcu_fanout_leaf=16, nr_cpu_ids=2
[    0.004000] NR_IRQS: 524544, nr_irqs: 440, preallocated irqs: 16
[    0.004000] Console: colour VGA+ 80x25
[    0.004000] console [tty1] enabled
[    0.004000] console [ttyS0] enabled
[    0.004000] ACPI: Core revision 20170831
[    0.004000] ACPI: 2 ACPI AML tables successfully acquired and loaded
[    0.004000] APIC: Switch to symmetric I/O mode setup
[    0.004000] x2apic enabled
[    0.004000] Switched APIC routing to physical x2apic.
[    0.004000] ..TIMER: vector=0x30 apic1=0 pin1=2 apic2=-1 pin2=-1
[    0.004004] tsc: Detected 2111.994 MHz processor
[    0.004692] Calibrating delay loop (skipped) preset value.. 4223.98 BogoMIPS (lpj=8447976)
[    0.005244] pid_max: default: 32768 minimum: 301
[    0.005960] Security Framework initialized
[    0.006580] Yama: becoming mindful.
[    0.008020] AppArmor: AppArmor initialized
[    0.009424] Dentry cache hash table entries: 262144 (order: 9, 2097152 bytes)
[    0.011504] Inode-cache hash table entries: 131072 (order: 8, 1048576 bytes)
[    0.012049] Mount-cache hash table entries: 4096 (order: 3, 32768 bytes)
[    0.013055] Mountpoint-cache hash table entries: 4096 (order: 3, 32768 bytes)
[    0.014357] Last level iTLB entries: 4KB 64, 2MB 8, 4MB 8
[    0.016003] Last level dTLB entries: 4KB 64, 2MB 0, 4MB 0, 1GB 4
[    0.016880] Spectre V1 : Mitigation: usercopy/swapgs barriers and __user pointer sanitization
[    0.018126] Spectre V2 : Mitigation: Full generic retpoline
[    0.018984] Spectre V2 : Spectre v2 / SpectreRSB mitigation: Filling RSB on context switch
[    0.020004] Speculative Store Bypass: Vulnerable
[    0.020745] SRBDS: Unknown: Dependent on hypervisor status
[    0.021554] MDS: Mitigation: Clear CPU buffers
[    0.022384] Freeing SMP alternatives memory: 36K
[    0.134177] smpboot: CPU0: Intel(R) Core(TM) i5-10210U CPU @ 1.60GHz (family: 0x6, model: 0x8e, stepping: 0xc)
[    0.135900] Performance Events: unsupported p6 CPU model 142 no PMU driver, software events only.
[    0.136000] Hierarchical SRCU implementation.
[    0.136478] NMI watchdog: Perf event create on CPU 0 failed with -2
[    0.137426] NMI watchdog: Perf NMI watchdog permanently disabled
[    0.138473] smp: Bringing up secondary CPUs ...
[    0.139282] x86: Booting SMP configuration:
[    0.139927] .... node  #0, CPUs:      #1
[    0.004000] kvm-clock: cpu 1, msr 0:7ff44041, secondary cpu clock
[    0.143407] smp: Brought up 1 node, 2 CPUs
[    0.144008] smpboot: Max logical packages: 1
[    0.144673] smpboot: Total of 2 processors activated (8447.97 BogoMIPS)
[    0.145853] devtmpfs: initialized
[    0.145853] x86/mm: Memory block size: 128MB
[    0.145853] evm: security.selinux
[    0.148003] evm: security.SMACK64
[    0.148538] evm: security.SMACK64EXEC
[    0.149140] evm: security.SMACK64TRANSMUTE
[    0.149806] evm: security.SMACK64MMAP
[    0.150421] evm: security.apparmor
[    0.150956] evm: security.ima
[    0.151435] evm: security.capability
[    0.152076] clocksource: jiffies: mask: 0xffffffff max_cycles: 0xffffffff, max_idle_ns: 7645041785100000 ns
[    0.153418] futex hash table entries: 512 (order: 3, 32768 bytes)
[    0.154376] pinctrl core: initialized pinctrl subsystem
[    0.155296] RTC time: 15:24:34, date: 12/21/21
[    0.156126] NET: Registered protocol family 16
[    0.156884] audit: initializing netlink subsys (disabled)
[    0.157705] audit: type=2000 audit(1640100279.168:1): state=initialized audit_enabled=0 res=1
[    0.157705] cpuidle: using governor ladder
[    0.160023] cpuidle: using governor menu
[    0.160696] ACPI: bus type PCI registered
[    0.161368] acpiphp: ACPI Hot Plug PCI Controller Driver version: 0.5
[    0.162505] PCI: Using configuration type 1 for base access
[    0.164629] HugeTLB registered 2.00 MiB page size, pre-allocated 0 pages
[    0.165065] ACPI: Added _OSI(Module Device)
[    0.165065] ACPI: Added _OSI(Processor Device)
[    0.168004] ACPI: Added _OSI(3.0 _SCP Extensions)
[    0.168757] ACPI: Added _OSI(Processor Aggregator Device)
[    0.169568] ACPI: Added _OSI(Linux-Dell-Video)
[    0.170258] ACPI: Added _OSI(Linux-Lenovo-NV-HDMI-Audio)
[    0.171062] ACPI: Added _OSI(Linux-HPI-Hybrid-Graphics)
[    0.172283] ACPI: Executed 1 blocks of module-level executable AML code
[    0.176346] ACPI: Interpreter enabled
[    0.177023] ACPI: (supports S0 S5)
[    0.177566] ACPI: Using IOAPIC for interrupt routing
[    0.178566] PCI: Using host bridge windows from ACPI; if necessary, use "pci=nocrs" and report a bug
[    0.180000] ACPI: Enabled 2 GPEs in block 00 to 07
[    0.185936] ACPI: PCI Root Bridge [PCI0] (domain 0000 [bus 00-ff])
[    0.187039] acpi PNP0A03:00: _OSC: OS supports [ASPM ClockPM Segments MSI]
[    0.188427] acpi PNP0A03:00: _OSC: not requesting OS control; OS requires [ExtendedConfig ASPM ClockPM MSI]
[    0.189860] acpi PNP0A03:00: fail to add MMCONFIG information, can't access extended PCI configuration space under this bridge.
[    0.191913] PCI host bridge to bus 0000:00
[    0.192008] pci_bus 0000:00: root bus resource [io  0x0000-0x0cf7 window]
[    0.193162] pci_bus 0000:00: root bus resource [io  0x0d00-0xffff window]
[    0.194235] pci_bus 0000:00: root bus resource [mem 0x000a0000-0x000bffff window]
[    0.196004] pci_bus 0000:00: root bus resource [mem 0x80000000-0xfdffffff window]
[    0.197163] pci_bus 0000:00: root bus resource [bus 00-ff]
[    0.200422] pci 0000:00:01.1: legacy IDE quirk: reg 0x10: [io  0x01f0-0x01f7]
[    0.201512] pci 0000:00:01.1: legacy IDE quirk: reg 0x14: [io  0x03f6]
[    0.202523] pci 0000:00:01.1: legacy IDE quirk: reg 0x18: [io  0x0170-0x0177]
[    0.203560] pci 0000:00:01.1: legacy IDE quirk: reg 0x1c: [io  0x0376]
[    0.240998] pci 0000:00:07.0: quirk: [io  0x4000-0x403f] claimed by PIIX4 ACPI
[    0.242350] pci 0000:00:07.0: quirk: [io  0x4100-0x410f] claimed by PIIX4 SMB
[    0.266258] ACPI: PCI Interrupt Link [LNKA] (IRQs 5 9 10 *11)
[    0.268144] ACPI: PCI Interrupt Link [LNKB] (IRQs 5 9 *10 11)
[    0.269423] ACPI: PCI Interrupt Link [LNKC] (IRQs 5 *9 10 11)
[    0.270661] ACPI: PCI Interrupt Link [LNKD] (IRQs 5 9 10 *11)
[    0.272414] SCSI subsystem initialized
[    0.273103] pci 0000:00:02.0: vgaarb: setting as boot VGA device
[    0.273103] pci 0000:00:02.0: vgaarb: VGA device added: decodes=io+mem,owns=io+mem,locks=none
[    0.276023] pci 0000:00:02.0: vgaarb: bridge control possible
[    0.277271] vgaarb: loaded
[    0.278008] ACPI: bus type USB registered
[    0.278736] usbcore: registered new interface driver usbfs
[    0.279600] usbcore: registered new interface driver hub
[    0.280013] usbcore: registered new device driver usb
[    0.280860] EDAC MC: Ver: 3.0.0
[    0.280860] PCI: Using ACPI for IRQ routing
[    0.280943] NetLabel: Initializing
[    0.281515] NetLabel:  domain hash size = 128
[    0.284009] NetLabel:  protocols = UNLABELED CIPSOv4 CALIPSO
[    0.284882] NetLabel:  unlabeled traffic allowed by default
[    0.285744] clocksource: Switched to clocksource kvm-clock
[    0.295242] VFS: Disk quotas dquot_6.6.0
[    0.295912] VFS: Dquot-cache hash table entries: 512 (order 0, 4096 bytes)
[    0.297139] AppArmor: AppArmor Filesystem Enabled
[    0.297995] pnp: PnP ACPI init
[    0.299424] pnp: PnP ACPI: found 3 devices
[    0.307640] clocksource: acpi_pm: mask: 0xffffff max_cycles: 0xffffff, max_idle_ns: 2085701024 ns
[    0.309161] NET: Registered protocol family 2
[    0.309877] IP idents hash table entries: 32768 (order: 6, 262144 bytes)
[    0.311140] TCP established hash table entries: 16384 (order: 5, 131072 bytes)
[    0.312283] TCP bind hash table entries: 16384 (order: 6, 262144 bytes)
[    0.313781] TCP: Hash tables configured (established 16384 bind 16384)
[    0.314777] UDP hash table entries: 1024 (order: 3, 32768 bytes)
[    0.315664] UDP-Lite hash table entries: 1024 (order: 3, 32768 bytes)
[    0.316674] NET: Registered protocol family 1
[    0.317353] pci 0000:00:00.0: Limiting direct PCI/PCI transfers
[    0.318294] pci 0000:00:01.0: Activating ISA DMA hang workarounds
[    0.319214] pci 0000:00:02.0: Video device with shadowed ROM at [mem 0x000c0000-0x000dffff]
[    0.320581] Unpacking initramfs...
[    0.593642] Freeing initrd memory: 19536K
[    0.594444] clocksource: tsc: mask: 0xffffffffffffffff max_cycles: 0x1e7172f02f0, max_idle_ns: 440795291996 ns
[    0.595927] platform rtc_cmos: registered platform RTC device (no PNP device found)
[    0.597190] Scanning for low memory corruption every 60 seconds
[    0.598920] Initialise system trusted keyrings
[    0.599621] Key type blacklist registered
[    0.600366] workingset: timestamp_bits=36 max_order=19 bucket_order=0
[    0.602587] zbud: loaded
[    0.603491] squashfs: version 4.0 (2009/01/31) Phillip Lougher
[    0.604532] fuse init (API version 7.26)
[    0.606969] Key type asymmetric registered
[    0.607688] Asymmetric key parser 'x509' registered
[    0.608518] Block layer SCSI generic (bsg) driver version 0.4 loaded (major 246)
[    0.609782] io scheduler noop registered
[    0.610389] io scheduler deadline registered
[    0.611072] io scheduler cfq registered (default)
[    0.612134] ACPI: AC Adapter [AC] (on-line)
[    0.612841] input: Power Button as /devices/LNXSYSTM:00/LNXPWRBN:00/input/input0
[    0.614048] ACPI: Power Button [PWRF]
[    0.614700] input: Sleep Button as /devices/LNXSYSTM:00/LNXSLPBN:00/input/input1
[    0.615803] ACPI: Sleep Button [SLPF]
[    0.617283] ACPI: Battery Slot [BAT0] (battery present)
[    0.618255] Serial: 8250/16550 driver, 32 ports, IRQ sharing enabled
[    0.639932] 00:02: ttyS0 at I/O 0x3f8 (irq = 4, base_baud = 115200) is a 16550A
[    0.643409] Linux agpgart interface v0.103
[    0.645177] loop: module loaded
[    0.646152] scsi host0: ata_piix
[    0.646750] scsi host1: ata_piix
[    0.647280] ata1: PATA max UDMA/33 cmd 0x1f0 ctl 0x3f6 bmdma 0xd000 irq 14
[    0.648326] ata2: PATA max UDMA/33 cmd 0x170 ctl 0x376 bmdma 0xd008 irq 15
[    0.649572] libphy: Fixed MDIO Bus: probed
[    0.650204] tun: Universal TUN/TAP device driver, 1.6
[    0.651010] PPP generic driver version 2.4.2
[    0.651703] ehci_hcd: USB 2.0 'Enhanced' Host Controller (EHCI) Driver
[    0.652741] ehci-pci: EHCI PCI platform driver
[    0.653457] ehci-platform: EHCI generic platform driver
[    0.654231] ohci_hcd: USB 1.1 'Open' Host Controller (OHCI) Driver
[    0.655128] ohci-pci: OHCI PCI platform driver
[    0.655812] ohci-platform: OHCI generic platform driver
[    0.656657] uhci_hcd: USB Universal Host Controller Interface driver
[    0.657647] i8042: PNP: PS/2 Controller [PNP0303:PS2K,PNP0f03:PS2M] at 0x60,0x64 irq 1,12
[    0.659279] serio: i8042 KBD port at 0x60,0x64 irq 1
[    0.660061] serio: i8042 AUX port at 0x60,0x64 irq 12
[    0.661039] mousedev: PS/2 mouse device common for all mice
[    0.662403] input: AT Translated Set 2 keyboard as /devices/platform/i8042/serio0/input/input2
[    0.663773] rtc_cmos rtc_cmos: rtc core: registered rtc_cmos as rtc0
[    0.665062] rtc_cmos rtc_cmos: alarms up to one day, 114 bytes nvram
[    0.666022] i2c /dev entries driver
[    0.666613] device-mapper: uevent: version 1.0.3
[    0.667433] device-mapper: ioctl: 4.37.0-ioctl (2017-09-20) initialised: dm-devel@redhat.com
[    0.668791] ledtrig-cpu: registered to indicate activity on CPUs
[    0.670040] NET: Registered protocol family 10
[    0.674607] Segment Routing with IPv6
[    0.675258] NET: Registered protocol family 17
[    0.676271] Key type dns_resolver registered
[    0.677225] mce: Using 0 MCE banks
[    0.677831] RAS: Correctable Errors collector initialized.
[    0.678664] sched_clock: Marking stable (677201606, 0)->(834922124, -157720518)
[    0.680130] registered taskstats version 1
[    0.680778] Loading compiled-in X.509 certificates
[    0.683454] Loaded X.509 cert 'Build time autogenerated kernel key: f60a4c8d126e94dbf36c5faa43fb49029eeea9a9'
[    0.685418] Loaded X.509 cert 'Canonical Ltd. Live Patch Signing: 14df34d1a87cf37625abec039ef2bf521249b969'
[    0.687405] Loaded X.509 cert 'Canonical Ltd. Kernel Module Signing: 88f752e560a1e0737e31163a466ad7b70a850c19'
[    0.688903] zswap: loaded using pool lzo/zbud
[    0.692698] Key type big_key registered
[    0.693320] Key type trusted registered
[    0.695286] Key type encrypted registered
[    0.695910] AppArmor: AppArmor sha1 policy hashing enabled
[    0.696867] ima: No TPM chip found, activating TPM-bypass! (rc=-19)
[    0.697892] ima: Allocated hash algorithm: sha1
[    0.698627] evm: HMAC attrs: 0x1
[    0.699386]   Magic number: 1:581:437
[    0.700064] rtc_cmos rtc_cmos: setting system clock to 2021-12-21 15:24:35 UTC (1640100275)
[    0.701470] BIOS EDD facility v0.16 2004-Jun-25, 0 devices found
[    0.702353] EDD information not available.
[    0.837709] Freeing unused kernel image memory: 2448K
[    0.848269] Write protecting the kernel read-only data: 20480k
[    0.849754] Freeing unused kernel image memory: 2008K
[    0.850830] Freeing unused kernel image memory: 1824K
[    0.859423] x86/mm: Checked W+X mappings: passed, no W+X pages found.
[    0.860441] x86/mm: Checking user space page tables
[    0.868826] x86/mm: Checked W+X mappings: passed, no W+X pages found.
Loading, please wait...
starting version 237
[    0.938956] e1000: Intel(R) PRO/1000 Network Driver - version 7.3.21-k8-NAPI
[    0.940130] e1000: Copyright (c) 1999-2006 Intel Corporation.
[    0.943942] Fusion MPT base driver 3.04.20
[    0.944682] Copyright (c) 1999-2008 LSI Corporation
[    0.962309] Fusion MPT SPI Host driver 3.04.20
[    0.969734] AVX2 version of gcm_enc/dec engaged.
[    0.970575] AES CTR mode by8 optimization enabled
[    1.153454] input: ImExPS/2 Generic Explorer Mouse as /devices/platform/i8042/serio1/input/input4
[    1.327988] e1000 0000:00:03.0 eth0: (PCI:33MHz:32-bit) 02:29:e0:c3:be:94
[    1.329134] e1000 0000:00:03.0 eth0: Intel(R) PRO/1000 Network Connection
[    1.331449] mptbase: ioc0: Initiating bringup
[    1.424645] ioc0: LSI53C1030 A0: Capabilities={Initiator}
[    1.668552] scsi host2: ioc0: LSI53C1030 A0, FwRev=00000000h, Ports=1, MaxQ=256, IRQ=20
[    1.841919] scsi 2:0:0:0: Direct-Access     VBOX     HARDDISK         1.0  PQ: 0 ANSI: 5
[    1.880212] scsi target2:0:0: Beginning Domain Validation
[    1.884643] scsi target2:0:0: Domain Validation skipping write tests
[    1.887314] scsi target2:0:0: Ending Domain Validation
[    1.888346] scsi target2:0:0: asynchronous
[    1.889354] scsi 2:0:1:0: Direct-Access     VBOX     HARDDISK         1.0  PQ: 0 ANSI: 5
[    2.180221] scsi target2:0:1: Beginning Domain Validation
[    2.183032] random: fast init done
[    2.183664] scsi target2:0:1: Domain Validation skipping write tests
[    2.184666] scsi target2:0:1: Ending Domain Validation
[    2.185495] scsi target2:0:1: asynchronous
[    2.188503] random: systemd-udevd: uninitialized urandom read (16 bytes read)
[    2.189675] random: systemd-udevd: uninitialized urandom read (16 bytes read)
[    2.190760] random: systemd-udevd: uninitialized urandom read (16 bytes read)
[    2.192262] sd 2:0:0:0: [sda] 83886080 512-byte logical blocks: (42.9 GB/40.0 GiB)
[    2.192271] sd 2:0:0:0: Attached scsi generic sg0 type 0
[    2.194829] sd 2:0:0:0: [sda] Write Protect is off
[    2.194940] sd 2:0:1:0: Attached scsi generic sg1 type 0
[    2.196568] sd 2:0:0:0: [sda] Incomplete mode parameter data
[    2.197596] sd 2:0:0:0: [sda] Assuming drive cache: write through
[    2.198738] sd 2:0:1:0: [sdb] 20480 512-byte logical blocks: (10.5 MB/10.0 MiB)
[    2.199983] sd 2:0:1:0: [sdb] Write Protect is off
[    2.200888] sd 2:0:1:0: [sdb] Incomplete mode parameter data
[    2.201740] sd 2:0:1:0: [sdb] Assuming drive cache: write through
[    2.203802]  sda: sda1
[    2.205689] sd 2:0:1:0: [sdb] Attached SCSI disk
[    2.206634] sd 2:0:0:0: [sda] Attached SCSI disk
[    2.214395] e1000 0000:00:08.0 eth1: (PCI:33MHz:32-bit) 08:00:27:66:54:1e
[    2.215633] e1000 0000:00:08.0 eth1: Intel(R) PRO/1000 Network Connection
[    2.217739] e1000 0000:00:08.0 enp0s8: renamed from eth1
[    2.229381] e1000 0000:00:03.0 enp0s3: renamed from eth0
Begin: Loading essential drivers ... [    3.707748] raid6: sse2x1   gen() 14241 MB/s
[    3.759682] raid6: sse2x1   xor()  7337 MB/s
[    3.811588] raid6: sse2x2   gen() 15055 MB/s
[    3.863711] raid6: sse2x2   xor()  9694 MB/s
[    3.923844] raid6: sse2x4   gen() 18497 MB/s
[    3.972252] raid6: sse2x4   xor()  8613 MB/s
[    4.020856] raid6: avx2x1   gen() 22458 MB/s
[    4.076293] raid6: avx2x1   xor() 15928 MB/s
[    4.124081] raid6: avx2x2   gen() 25429 MB/s
[    4.172282] raid6: avx2x2   xor() 17532 MB/s
[    4.220099] raid6: avx2x4   gen() 27931 MB/s
[    4.268016] raid6: avx2x4   xor() 15058 MB/s
[    4.268782] raid6: using algorithm avx2x4 gen() 27931 MB/s
[    4.269652] raid6: .... xor() 15058 MB/s, rmw enabled
[    4.270525] raid6: using avx2x2 recovery algorithm
[    4.272340] xor: automatically using best checksumming function   avx       
[    4.274605] async_tx: api initialized (async)
done.
Begin: Running /scripts/init-premount ... done.
Begin: Mounting root file system ... Begin: Running /scripts/local-top ... done.
Begin: Running /scripts/local-premount ... [    4.316291] Btrfs loaded, crc32c=crc32c-intel
Scanning for Btrfs filesystems
done.
Warning: fsck not present, so skipping root file system
[    4.340685] EXT4-fs (sda1): mounted filesystem with ordered data mode. Opts: (null)
done.
Begin: Running /scripts/local-bottom ... done.
Begin: Running /scripts/init-bottom ... done.
[    4.465175] ip_tables: (C) 2000-2006 Netfilter Core Team
[    4.471859] systemd[1]: systemd 237 running in system mode. (+PAM +AUDIT +SELINUX +IMA +APPARMOR +SMACK +SYSVINIT +UTMP +LIBCRYPTSETUP +GCRYPT +GNUTLS +ACL +XZ +LZ4 +SECCOMP +BLKID +ELFUTILS +KMOD -IDN2 +IDN -PCRE2 default-hierarchy=hybrid)
[    4.475864] systemd[1]: Detected virtualization oracle.
[    4.476851] systemd[1]: Detected architecture x86-64.

Welcome to [1mUbuntu 18.04.6 LTS[0m!

[    4.482727] systemd[1]: Set hostname to <ubuntu-bionic>.
[    4.758308] systemd[1]: Created slice System Slice.
[[0;32m  OK  [0m] Created slice System Slice.
[    4.759808] systemd[1]: Listening on udev Kernel Socket.
[[0;32m  OK  [0m] Listening on udev Kernel Socket.
[    4.761301] systemd[1]: Listening on LVM2 poll daemon socket.
[[0;32m  OK  [0m] Listening on LVM2 poll daemon socket.
[    4.762721] systemd[1]: Reached target System Time Synchronized.
[[0;32m  OK  [0m] Reached target System Time Synchronized.
[    4.764406] systemd[1]: Listening on Journal Socket (/dev/log).
[[0;32m  OK  [0m] Listening on Journal Socket (/dev/log).
[    4.766103] systemd[1]: Listening on udev Control Socket.
[[0;32m  OK  [0m] Listening on udev Control Socket.
[[0;32m  OK  [0m] Reached target Swap.
[[0;32m  OK  [0m] Listening on Journal Audit Socket.
[[0;32m  OK  [0m] Set up automount Arbitrary Executab…rmats File System Automount Point.
[[0;32m  OK  [0m] Listening on Network Service Netlink Socket.
[[0;32m  OK  [0m] Created slice system-serial\x2dgetty.slice.
[[0;32m  OK  [0m] Started Forward Password Requests to Wall Directory Watch.
[[0;32m  OK  [0m] Listening on Syslog Socket.
[[0;32m  OK  [0m] Listening on LVM2 metadata daemon socket.
[[0;32m  OK  [0m] Reached target User and Group Name Lookups.
[[0;32m  OK  [0m] Listening on /dev/initctl Compatibility Named Pipe.
[[0;32m  OK  [0m] Listening on Device-mapper event daemon FIFOs.
[[0;32m  OK  [0m] Created slice User and Session Slice.
[[0;32m  OK  [0m] Reached target Slices.
[[0;32m  OK  [0m] Listening on fsck to fsckd communication Socket.
[[0;32m  OK  [0m] Listening on Journal Socket.
         Starting Journal Service...
         Starting Monitoring of LVM2 mirrors…ng dmeventd or progress polling...
         Mounting POSIX Message Queue File System...
         Starting File System Check on Root Device...
         Starting Create list of required st…ce nodes for the current kernel...
         Mounting Kernel Debug File System...
         Mounting Huge Pages File System...
         Starting udev Coldplug all Devices...
         Starting Load Kernel Modules...
         Starting Set the console keyboard layout...
         Starting Uncomplicated firewall...
[[0;32m  OK  [0m] Started Journal Service.
[[0;32m  OK  [0m] Mounted POSIX Message Queue File System.
[[0;32m  OK  [0m] Started Create list of required sta…vice nodes for the current kernel.
[[0;32m  OK  [0m] Mounted Kernel Debug File System.
[[0;32m  OK  [0m] Mounted Huge Pages File System.
[[0;32m  OK  [0m] Started File System Check Daemon to report status.
[[0;32m  OK  [0m] Started LVM2 metadata daemon.
         Starting Create Static Device Nodes in /dev...
[[0;32m  OK  [0m] Started File System Check on Root Device.
[[0;32m  OK  [0m] Started Uncomplicated firewall.
         Starting Remount Root and Kernel File Systems...
[    4.915954] Loading iSCSI transport class v2.0-870.
[    4.925224] iscsi: registered transport (tcp)
[[0;32m  OK  [0m] Started udev Coldplug all Devices.
[    4.944577] iscsi: registered transport (iser)
[[0;32m  OK  [0m] Started Load Kernel Modules.
         Mounting Kernel Configuration File System...
         Starting Apply Kernel Variables...
         Mounting FUSE Control File System...
[[0;32m  OK  [0m] Mounted Kernel Configuration File System.
[[0;32m  OK  [0m] Mounted FUSE Control File System.
[[0;32m  OK  [0m] Started Create Static Device Nodes in /dev.
[[0;32m  OK  [0m] Started Remount Root and Kernel File Systems.
         Starting udev Kernel Device Manager...
         Starting Load/Save Random Seed...
         Starting Flush Journal to Persistent Storage...
[[0;32m  OK  [0m] Started Monitoring of LVM2 mirrors,…sing dmeventd or progress polling.
[[0;32m  OK  [0m] Started Apply Kernel Variables.
[[0;32m  OK  [0m] Started Load/Save Random Seed.
[[0;32m  OK  [0m] Started Set the console keyboard layout.
[[0;32m  OK  [0m] Reached target Local File Systems (Pre).
[[0;32m  OK  [0m] Reached target Local File Systems.
         Starting ebtables ruleset management...
         Starting Set console font and keymap...
         Starting Tell Plymouth To Write Out Runtime Data...
         Starting AppArmor initialization...
[[0;32m  OK  [0m] Started udev Kernel Device Manager.
[[0;32m  OK  [0m] Started Dispatch Password Requests to Console Directory Watch.
[[0;32m  OK  [0m] Reached target Local Encrypted Volumes.
[[0;32m  OK  [0m] Started Tell Plymouth To Write Out Runtime Data.
[[0;32m  OK  [0m] Started Set console font and keymap.
[[0;32m  OK  [0m] Started Flush Journal to Persistent Storage.
         Starting Create Volatile Files and Directories...
[[0;32m  OK  [0m] Started Create Volatile Files and Directories.
         Starting Update UTMP about System Boot/Shutdown...
[[0;32m  OK  [0m] Started Update UTMP about System Boot/Shutdown.
[[0;32m  OK  [0m] Started ebtables ruleset management.
[[0;32m  OK  [0m] Found device /dev/ttyS0.
[[0;32m  OK  [0m] Started AppArmor initialization.
[[0;32m  OK  [0m] Listening on Load/Save RF Kill Switch Status /dev/rfkill Watch.
         Starting Initial cloud-init job (pre-networking)...
         Starting Load AppArmor profiles managed internally by snapd...
[[0;32m  OK  [0m] Started Load AppArmor profiles managed internally by snapd.
[    6.496325] cloud-init[555]: Cloud-init v. 21.4-0ubuntu1~18.04.1 running 'init-local' at Tue, 21 Dec 2021 15:24:41 +0000. Up 6.33 seconds.
[[0;32m  OK  [0m] Started Initial cloud-init job (pre-networking).
[[0;32m  OK  [0m] Reached target Network (Pre).
         Starting Network Service...
[[0;32m  OK  [0m] Started Network Service.
         Starting Network Name Resolution...
         Starting Wait for Network to be Configured...
[[0;32m  OK  [0m] Started Network Name Resolution.
[[0;32m  OK  [0m] Reached target Network.
[[0;32m  OK  [0m] Reached target Host and Network Name Lookups.
[[0;32m  OK  [0m] Started Wait for Network to be Configured.
         Starting Initial cloud-init job (metadata service crawler)...
[    9.086810] cloud-init[684]: Cloud-init v. 21.4-0ubuntu1~18.04.1 running 'init' at Tue, 21 Dec 2021 15:24:43 +0000. Up 8.96 seconds.
[    9.088173] cloud-init[684]: ci-info: ++++++++++++++++++++++++++++++++++++++Net device info+++++++++++++++++++++++++++++++++++++++
[    9.090666] cloud-init[684]: ci-info: +--------+------+-----------------------------+---------------+--------+-------------------+
[    9.092027] cloud-init[684]: ci-info: | Device |  Up  |           Address           |      Mask     | Scope  |     Hw-Address    |
[    9.093805] cloud-init[684]: ci-info: +--------+------+-----------------------------+---------------+--------+-------------------+
[    9.095178] cloud-init[684]: ci-info: | enp0s3 | True |          10.0.2.15          | 255.255.255.0 | global | 02:29:e0:c3:be:94 |
[    9.096545] cloud-init[684]: ci-info: | enp0s3 | True |  fe80::29:e0ff:fec3:be94/64 |       .       |  link  | 02:29:e0:c3:be:94 |
[    9.097857] cloud-init[684]: ci-info: | enp0s8 | True |        192.168.56.10        | 255.255.255.0 | global | 08:00:27:66:54:1e |
[    9.099221] cloud-init[684]: ci-info: | enp0s8 | True | fe80::a00:27ff:fe66:541e/64 |       .       |  link  | 08:00:27:66:54:1e |
[    9.100588] cloud-init[684]: ci-info: |   lo   | True |          127.0.0.1          |   255.0.0.0   |  host  |         .         |
[    9.101901] cloud-init[684]: ci-info: |   lo   | True |           ::1/128           |       .       |  host  |         .         |
[    9.103210] cloud-init[684]: ci-info: +--------+------+-----------------------------+---------------+--------+-------------------+
[    9.120380] cloud-init[684]: ci-info: +++++++++++++++++++++++++++++Route IPv4 info+++++++++++++++++++++++++++++
[    9.121287] cloud-init[684]: ci-info: +-------+--------------+----------+-----------------+-----------+-------+
[    9.122534] cloud-init[684]: ci-info: | Route | Destination  | Gateway  |     Genmask     | Interface | Flags |
[    9.123707] cloud-init[684]: ci-info: +-------+--------------+----------+-----------------+-----------+-------+
[    9.125586] cloud-init[684]: ci-info: |   0   |   0.0.0.0    | 10.0.2.2 |     0.0.0.0     |   enp0s3  |   UG  |
[    9.126805] cloud-init[684]: ci-info: |   1   |   10.0.2.0   | 0.0.0.0  |  255.255.255.0  |   enp0s3  |   U   |
[    9.128250] cloud-init[684]: ci-info: |   2   |   10.0.2.2   | 0.0.0.0  | 255.255.255.255 |   enp0s3  |   UH  |
[    9.129746] cloud-init[684]: ci-info: |   3   | 192.168.56.0 | 0.0.0.0  |  255.255.255.0  |   enp0s8  |   U   |
[    9.131052] cloud-init[684]: ci-info: +-------+--------------+----------+-----------------+-----------+-------+
[    9.132584] cloud-init[684]: ci-info: +++++++++++++++++++Route IPv6 info+++++++++++++++++++
[    9.133775] cloud-init[684]: ci-info: +-------+-------------+---------+-----------+-------+
[    9.134855] cloud-init[684]: ci-info: | Route | Destination | Gateway | Interface | Flags |
[    9.136189] cloud-init[684]: ci-info: +-------+-------------+---------+-----------+-------+
[    9.137601] cloud-init[684]: ci-info: |   1   |  fe80::/64  |    ::   |   enp0s3  |   U   |
[    9.138748] cloud-init[684]: ci-info: |   2   |  fe80::/64  |    ::   |   enp0s8  |   U   |
[    9.140028] cloud-init[684]: ci-info: |   4   |    local    |    ::   |   enp0s3  |   U   |
[    9.141169] cloud-init[684]: ci-info: |   5   |    local    |    ::   |   enp0s8  |   U   |
[    9.142308] cloud-init[684]: ci-info: |   6   |   ff00::/8  |    ::   |   enp0s3  |   U   |
[    9.143374] cloud-init[684]: ci-info: |   7   |   ff00::/8  |    ::   |   enp0s8  |   U   |
[    9.144470] cloud-init[684]: ci-info: +-------+-------------+---------+-----------+-------+
[[0;32m  OK  [0m] Started Initial cloud-init job (metadata service crawler).
[[0;32m  OK  [0m] Reached target Network is Online.
         Starting Availability of block devices...
[[0;32m  OK  [0m] Reached target Remote File Systems (Pre).
         Mounting /configs...
         Mounting /vagrant...
[[0;32m  OK  [0m] Reached target Cloud-config availability.
[[0;32m  OK  [0m] Reached target System Initialization.
         Starting Docker Socket for the API.
[[0;32m  OK  [0m] Started Ubuntu Advantage Timer for running repeated jobs.
[[0;32m  OK  [0m] Started Message of the Day.
         Starting LXD - unix socket.
[[0;32m  OK  [0m] Started Daily Cleanup of Temporary Directories.
[[0;32m  OK  [0m] Started ACPI Events Check.
[[0;32m  OK  [0m] Listening on Open-iSCSI iscsid Socket.
         Starting Socket activation for snappy daemon.
[[0;32m  OK  [0m] Listening on D-Bus System Message Bus Socket.
[[0;32m  OK  [0m] Listening on cloud-init hotplug hook socket.
[[0;32m  OK  [0m] Started Daily apt download activities.
[[0;32m  OK  [0m] Started Trigger to poll for Ubuntu …(Only enabled on GCP LTS non-pro).
[[0;32m  OK  [0m] Reached target Paths.
[[0;32m  OK  [0m] Listening on ACPID Listen Socket.
[[0;32m  OK  [0m] Listening on UUID daemon activation socket.
[[0;32m  OK  [0m] Started Daily apt upgrade and clean activities.
[[0;32m  OK  [0m] Started Discard unused blocks once a week.
[[0;32m  OK  [0m] Reached target Timers.
[[0;32m  OK  [0m] Started Availability of block devices.
[[0;32m  OK  [0m] Listening on Docker Socket for the API.
[[0;32m  OK  [0m] Listening on LXD - unix socket.
[[0;32m  OK  [0m] Mounted /vagrant.
[[0;32m  OK  [0m] Mounted /configs.
[[0;32m  OK  [0m] Listening on Socket activation for snappy daemon.
[[0;32m  OK  [0m] Reached target Remote File Systems.
[[0;32m  OK  [0m] Reached target Sockets.
[[0;32m  OK  [0m] Reached target Basic System.
         Starting Login Service...
         Starting LSB: Record successful boot for GRUB...
         Starting LSB: Linux init script for swapspace...
         Starting containerd container runtime...
         Starting OpenBSD Secure Shell server...
         Starting System Logging Service...
[[0;32m  OK  [0m] Started D-Bus System Message Bus.
[[0;32m  OK  [0m] Started Login Service.
         Starting MySQL Community Server...
         Starting Virtualbox guest utils...
         Starting Accounts Service...
[[0;32m  OK  [0m] Started Unattended Upgrades Shutdown.
         Starting LSB: automatic crash report generation...
[[0;32m  OK  [0m] Started Deferred execution scheduler.
         Starting Permit User Sessions...
         Starting Dispatcher daemon for systemd-networkd...
[[0;32m  OK  [0m] Started irqbalance daemon.
[[0;32m  OK  [0m] Started Regular background program processing daemon.
         Starting LSB: Start Jenkins at boot time...
         Starting Snap Daemon...
[[0;32m  OK  [0m] Started FUSE filesystem for LXC.
         Starting LXD - container startup/shutdown...
[[0;32m  OK  [0m] Started System Logging Service.
[[0;32m  OK  [0m] Started Permit User Sessions.
[[0;32m  OK  [0m] Started OpenBSD Secure Shell server.
         Starting Authorization Manager...
         Starting Terminate Plymouth Boot Screen...
         Starting Hold until boot process finishes up...
[[0;32m  OK  [0m] Started Hold until boot process finishes up.
[[0;32m  OK  [0m] Started Serial Getty on ttyS0.
         Starting Set console scheme...
[[0;32m  OK  [0m] Started LSB: Linux init script for swapspace.
[[0;32m  OK  [0m] Started Terminate Plymouth Boot Screen.
[[0;32m  OK  [0m] Started Authorization Manager.
[[0;32m  OK  [0m] Started Accounts Service.
[[0;32m  OK  [0m] Started Set console scheme.
[[0;32m  OK  [0m] Created slice system-getty.slice.
[[0;32m  OK  [0m] Started Getty on tty1.
[[0;32m  OK  [0m] Reached target Login Prompts.
[[0;32m  OK  [0m] Started LSB: automatic crash report generation.
[[0;32m  OK  [0m] Started Virtualbox guest utils.
[[0;32m  OK  [0m] Started LXD - container startup/shutdown.
[[0;32m  OK  [0m] Started LSB: Record successful boot for GRUB.
[[0;32m  OK  [0m] Started containerd container runtime.
         Starting Docker Application Container Engine...
[[0;32m  OK  [0m] Started Dispatcher daemon for systemd-networkd.
[[0;32m  OK  [0m] Created slice User Slice of jenkins.
         Starting User Manager for UID 112...
[[0;32m  OK  [0m] Started Session c1 of user jenkins.
[[0;32m  OK  [0m] Started MySQL Community Server.
[[0;32m  OK  [0m] Started User Manager for UID 112.
[[0;32m  OK  [0m] Started Snap Daemon.
         Starting Wait until snapd is fully seeded...
[[0;32m  OK  [0m] Started Wait until snapd is fully seeded.
         Starting Apply the settings specified in cloud-config...
[   12.004602] cloud-init[1338]: Cloud-init v. 21.4-0ubuntu1~18.04.1 running 'modules:config' at Tue, 21 Dec 2021 15:24:46 +0000. Up 11.89 seconds.
[[0;32m  OK  [0m] Started Apply the settings specified in cloud-config.
[[0;32m  OK  [0m] Created slice User Slice of vagrant.
         Starting User Manager for UID 1000...
[[0;32m  OK  [0m] Started Session 2 of user vagrant.
[[0;32m  OK  [0m] Started User Manager for UID 1000.
[[0;32m  OK  [0m] Started LSB: Start Jenkins at boot time.
[[0;32m  OK  [0m] Started Docker Application Container Engine.
[[0;32m  OK  [0m] Reached target Multi-User System.
[[0;32m  OK  [0m] Reached target Graphical Interface.
         Starting Update UTMP about System Runlevel Changes...
         Starting Execute cloud user/final scripts...
[[0;32m  OK  [0m] Started Update UTMP about System Runlevel Changes.
[   14.139883] cloud-init[1634]: Cloud-init v. 21.4-0ubuntu1~18.04.1 running 'modules:final' at Tue, 21 Dec 2021 15:24:48 +0000. Up 14.00 seconds.
[   14.141171] cloud-init[1634]: Cloud-init v. 21.4-0ubuntu1~18.04.1 finished at Tue, 21 Dec 2021 15:24:48 +0000. Datasource DataSourceNoCloud [seed=/dev/sdb][dsmode=net].  Up 14.13 seconds
[[0;32m  OK  [0m] Started Execute cloud user/final scripts.
[[0;32m  OK  [0m] Reached target Cloud-init target.

Ubuntu 18.04.6 LTS ubuntu-bionic ttyS0

ubuntu-bionic login: 